#
# A fatal error has been detected by the Java Runtime Environment:
#
#  EXCEPTION_ACCESS_VIOLATION (0xc0000005) at pc=0x00007fffb42fdf23, pid=7496, tid=5380
#
# JRE version: Java(TM) SE Runtime Environment 18.9 (11.0.13+10) (build 11.0.13+10-LTS-370)
# Java VM: Java HotSpot(TM) 64-Bit Server VM 18.9 (11.0.13+10-LTS-370, mixed mode, tiered, compressed oops, g1 gc, windows-amd64)
# Problematic frame:
# V  [jvm.dll+0x4edf23]
#
# No core dump will be written. Minidumps are not enabled by default on client versions of Windows
#
# If you would like to submit a bug report, please visit:
#   https://bugreport.java.com/bugreport/crash.jsp
#

---------------  S U M M A R Y ------------

Command Line: -agentlib:jdwp=transport=dt_socket,suspend=y,address=localhost:64647 -javaagent:C:\Users\Alumno.A02-M09\eclipse\java-2022-03\eclipse\configuration\org.eclipse.osgi\225\0\.cp\lib\javaagent-shaded.jar -Dfile.encoding=Cp1252 desafio42.desafio42

Host: Intel(R) Core(TM) i5-7400 CPU @ 3.00GHz, 4 cores, 7G,  Windows 10 , 64 bit Build 19041 (10.0.19041.3636)
Time: Fri May 17 10:33:24 2024 Hora estándar de Argentina elapsed time: 298.694606 seconds (0d 0h 4m 58s)

---------------  T H R E A D  ---------------

Current thread (0x0000021f2a200800):  VMThread "VM Thread" [stack: 0x0000005526400000,0x0000005526500000] [id=5380]

Stack: [0x0000005526400000,0x0000005526500000],  sp=0x00000055264ff050,  free space=1020k
Native frames: (J=compiled Java code, j=interpreted, Vv=VM code, C=native code)
V  [jvm.dll+0x4edf23]
V  [jvm.dll+0x4ed99d]
V  [jvm.dll+0x76a07c]
V  [jvm.dll+0x7683f7]
V  [jvm.dll+0x768c30]
V  [jvm.dll+0x768f47]
V  [jvm.dll+0x720a54]
V  [jvm.dll+0x627606]
C  [ucrtbase.dll+0x21bb2]
C  [KERNEL32.DLL+0x17344]
C  [ntdll.dll+0x526b1]


siginfo: EXCEPTION_ACCESS_VIOLATION (0xc0000005), reading address 0xffffffffffffffff


Register to memory mapping:

RIP=0x00007fffb42fdf23 jvm.dll
RAX=0x0000000000000001 is an unknown value
RBX=0x0000021f2a1df008 points into unknown readable memory: 0x0000021f2a1fc750 | 50 c7 1f 2a 1f 02 00 00
RCX=0x0000000000000001 is an unknown value
RDX=0x00ca021f2aa27748 is an unknown value
RSP=0x00000055264ff050 points into unknown readable memory: 0x0000021f2aa2ce18 | 18 ce a2 2a 1f 02 00 00
RBP=0x0000000000000008 is an unknown value
RSI=0x0000005526fff380 is pointing into the stack for thread: 0x0000021f2ae70000
RDI={method} {0x0000021f2aa27798} 
[error occurred during error reporting (printing register info), id 0xc0000005, EXCEPTION_ACCESS_VIOLATION (0xc0000005) at pc=0x00007fffb43f029a]

Registers:
RAX=0x0000000000000001, RBX=0x0000021f2a1df008, RCX=0x0000000000000001, RDX=0x00ca021f2aa27748
RSP=0x00000055264ff050, RBP=0x0000000000000008, RSI=0x0000005526fff380, RDI=0x0000021f2aa27790
R8 =0x0000021f2aa276a0, R9 =0x0000021f2aa2d478, R10=0x0000021f2a0de1f0, R11=0x0000021f2a0e06e8
R12=0x00007fffb4637710, R13=0x00000001000cad38, R14=0x0000021f2a1b8d68, R15=0x00000000000003d8
RIP=0x00007fffb42fdf23, EFLAGS=0x0000000000010202

Top of Stack: (sp=0x00000055264ff050)
0x00000055264ff050:   0000021f2aa2ce18 0000005526fff3f0
0x00000055264ff060:   0000021f2a1b8990 0000000000000000
0x00000055264ff070:   0000021f2a0de1f0 0000021f2a0e06e8
0x00000055264ff080:   0000021f2a1df008 0000021f2ae32630
0x00000055264ff090:   0000000000000000 00000000000003d8
0x00000055264ff0a0:   0000021f2a1b8d68 00007fffb4637710
0x00000055264ff0b0:   0000021f2ae32630 0000005526fff380
0x00000055264ff0c0:   0000021f2a1b8990 00007fffb488dad0
0x00000055264ff0d0:   0000005526fff3f0 00007fffb42fd99d
0x00000055264ff0e0:   0000005526fff3f0 00000055264ff100
0x00000055264ff0f0:   0000021f2ae32630 0000021f2a200800
0x00000055264ff100:   00007fffb43f0840 0000005500000000
0x00000055264ff110:   0000021f2a1b8980 00007fffb457a07c
0x00000055264ff120:   0000021f2af82f10 0000021f2a1f39f0
0x00000055264ff130:   0000021f2a1b8980 00007fffb4637710
0x00000055264ff140:   0000000000000048 00007fffb440bd90 

Instructions: (pc=0x00007fffb42fdf23)
0x00007fffb42fdf03:   00 4c 8d 40 01 4e 8d 04 c1 0f 1f 40 00 49 8b 38
0x00007fffb42fdf13:   0f b6 4f 2a c0 e9 05 f6 c1 01 74 24 48 8b 57 08
0x00007fffb42fdf23:   4c 8b 4a 08 0f b7 4a 2a 49 8b 74 c9 40 49 3b f2
0x00007fffb42fdf33:   75 0e 0f b7 4a 2c 49 8b 54 c9 40 49 3b d3 74 0f 


Stack slot to memory mapping:
stack at sp + 0 slots: {method} {0x0000021f2aa2ce20} 'main' '([Ljava/lang/String;)V' in 'desafio42/desafio42'
stack at sp + 1 slots: 0x0000005526fff3f0 is pointing into the stack for thread: 0x0000021f2ae70000
stack at sp + 2 slots: 0x0000021f2a1b8990 points into unknown readable memory: 0x00007fffb46bc488 | 88 c4 6b b4 ff 7f 00 00
stack at sp + 3 slots: 0x0 is NULL
stack at sp + 4 slots: 0x0000021f2a0de1f0 points into unknown readable memory: 0x616d03a3ffff0004 | 04 00 ff ff a3 03 6d 61
stack at sp + 5 slots: 0x0000021f2a0e06e8 points into unknown readable memory: 0x5b28aad3ffff0016 | 16 00 ff ff d3 aa 28 5b
stack at sp + 6 slots: 0x0000021f2a1df008 points into unknown readable memory: 0x0000021f2a1fc750 | 50 c7 1f 2a 1f 02 00 00
stack at sp + 7 slots: 0x0000021f2ae32630 points into unknown readable memory: 0x0000021f2ae32630 | 30 26 e3 2a 1f 02 00 00

VM_Operation (0x0000005526fff380): ChangeBreakpoints, mode: safepoint, requested by thread 0x0000021f2ae70000


---------------  P R O C E S S  ---------------

Threads class SMR info:
_java_thread_list=0x0000021f2af81fb0, length=13, elements={
0x0000021f0ac4c800, 0x0000021f2a203800, 0x0000021f2a230000, 0x0000021f2a23e800,
0x0000021f2a240800, 0x0000021f2a242800, 0x0000021f2a248000, 0x0000021f2a26b000,
0x0000021f2ac20000, 0x0000021f2a1ba000, 0x0000021f2ae70000, 0x0000021f2ae73000,
0x0000021f2af3d800
}

Java Threads: ( => current thread )
  0x0000021f0ac4c800 JavaThread "main" [_thread_blocked, id=9716, stack(0x0000005525e00000,0x0000005525f00000)]
  0x0000021f2a203800 JavaThread "Reference Handler" daemon [_thread_blocked, id=6460, stack(0x0000005526500000,0x0000005526600000)]
  0x0000021f2a230000 JavaThread "Finalizer" daemon [_thread_blocked, id=1284, stack(0x0000005526600000,0x0000005526700000)]
  0x0000021f2a23e800 JavaThread "Signal Dispatcher" daemon [_thread_blocked, id=12120, stack(0x0000005526700000,0x0000005526800000)]
  0x0000021f2a240800 JavaThread "Attach Listener" daemon [_thread_blocked, id=852, stack(0x0000005526800000,0x0000005526900000)]
  0x0000021f2a242800 JavaThread "Service Thread" daemon [_thread_blocked, id=8580, stack(0x0000005526900000,0x0000005526a00000)]
  0x0000021f2a248000 JavaThread "C2 CompilerThread0" daemon [_thread_blocked, id=7228, stack(0x0000005526a00000,0x0000005526b00000)]
  0x0000021f2a26b000 JavaThread "C1 CompilerThread0" daemon [_thread_blocked, id=11576, stack(0x0000005526b00000,0x0000005526c00000)]
  0x0000021f2ac20000 JavaThread "Sweeper thread" daemon [_thread_blocked, id=4436, stack(0x0000005526c00000,0x0000005526d00000)]
  0x0000021f2a1ba000 JavaThread "Common-Cleaner" daemon [_thread_blocked, id=116, stack(0x0000005526d00000,0x0000005526e00000)]
  0x0000021f2ae70000 JavaThread "JDWP Transport Listener: dt_socket" daemon [_thread_blocked, id=2212, stack(0x0000005526f00000,0x0000005527000000)]
  0x0000021f2ae73000 JavaThread "JDWP Event Helper Thread" daemon [_thread_blocked, id=9920, stack(0x0000005527000000,0x0000005527100000)]
  0x0000021f2af3d800 JavaThread "JDWP Command Reader" daemon [_thread_in_native, id=8236, stack(0x0000005527100000,0x0000005527200000)]

Other Threads:
=>0x0000021f2a200800 VMThread "VM Thread" [stack: 0x0000005526400000,0x0000005526500000] [id=5380]
  0x0000021f2afec000 WatcherThread [stack: 0x0000005527200000,0x0000005527300000] [id=4832]
  0x0000021f0ac60800 GCTaskThread "GC Thread#0" [stack: 0x0000005525f00000,0x0000005526000000] [id=12016]
  0x0000021f0ac91000 ConcurrentGCThread "G1 Main Marker" [stack: 0x0000005526000000,0x0000005526100000] [id=7904]
  0x0000021f0ac93000 ConcurrentGCThread "G1 Conc#0" [stack: 0x0000005526100000,0x0000005526200000] [id=5000]
  0x0000021f0ad23800 ConcurrentGCThread "G1 Refine#0" [stack: 0x0000005526200000,0x0000005526300000] [id=12284]
  0x0000021f0ad25800 ConcurrentGCThread "G1 Young RemSet Sampling" [stack: 0x0000005526300000,0x0000005526400000] [id=2176]

Threads with active compile tasks:

VM state:at safepoint (normal execution)

VM Mutex/Monitor currently owned by a thread:  ([mutex/lock_event])
[0x0000021f0ac465b0] Threads_lock - owner thread: 0x0000021f2a200800

Heap address: 0x0000000081a00000, size: 2022 MB, Compressed Oops mode: 32-bit
Narrow klass base: 0x0000000000000000, Narrow klass shift: 3
Compressed class space size: 1073741824 Address: 0x0000000100000000

Heap:
 garbage-first heap   total 131072K, used 4096K [0x0000000081a00000, 0x0000000100000000)
  region size 1024K, 5 young (5120K), 0 survivors (0K)
 Metaspace       used 8667K, capacity 8733K, committed 8832K, reserved 1056768K
  class space    used 764K, capacity 803K, committed 896K, reserved 1048576K
Heap Regions: E=young(eden), S=young(survivor), O=old, HS=humongous(starts), HC=humongous(continues), CS=collection set, F=free, A=archive, TAMS=top-at-mark-start (previous, next)
|   0|0x0000000081a00000, 0x0000000081a00000, 0x0000000081b00000|  0%| F|  |TAMS 0x0000000081a00000, 0x0000000081a00000| Untracked 
|   1|0x0000000081b00000, 0x0000000081b00000, 0x0000000081c00000|  0%| F|  |TAMS 0x0000000081b00000, 0x0000000081b00000| Untracked 
|   2|0x0000000081c00000, 0x0000000081c00000, 0x0000000081d00000|  0%| F|  |TAMS 0x0000000081c00000, 0x0000000081c00000| Untracked 
|   3|0x0000000081d00000, 0x0000000081d00000, 0x0000000081e00000|  0%| F|  |TAMS 0x0000000081d00000, 0x0000000081d00000| Untracked 
|   4|0x0000000081e00000, 0x0000000081e00000, 0x0000000081f00000|  0%| F|  |TAMS 0x0000000081e00000, 0x0000000081e00000| Untracked 
|   5|0x0000000081f00000, 0x0000000081f00000, 0x0000000082000000|  0%| F|  |TAMS 0x0000000081f00000, 0x0000000081f00000| Untracked 
|   6|0x0000000082000000, 0x0000000082000000, 0x0000000082100000|  0%| F|  |TAMS 0x0000000082000000, 0x0000000082000000| Untracked 
|   7|0x0000000082100000, 0x0000000082100000, 0x0000000082200000|  0%| F|  |TAMS 0x0000000082100000, 0x0000000082100000| Untracked 
|   8|0x0000000082200000, 0x0000000082200000, 0x0000000082300000|  0%| F|  |TAMS 0x0000000082200000, 0x0000000082200000| Untracked 
|   9|0x0000000082300000, 0x0000000082300000, 0x0000000082400000|  0%| F|  |TAMS 0x0000000082300000, 0x0000000082300000| Untracked 
|  10|0x0000000082400000, 0x0000000082400000, 0x0000000082500000|  0%| F|  |TAMS 0x0000000082400000, 0x0000000082400000| Untracked 
|  11|0x0000000082500000, 0x0000000082500000, 0x0000000082600000|  0%| F|  |TAMS 0x0000000082500000, 0x0000000082500000| Untracked 
|  12|0x0000000082600000, 0x0000000082600000, 0x0000000082700000|  0%| F|  |TAMS 0x0000000082600000, 0x0000000082600000| Untracked 
|  13|0x0000000082700000, 0x0000000082700000, 0x0000000082800000|  0%| F|  |TAMS 0x0000000082700000, 0x0000000082700000| Untracked 
|  14|0x0000000082800000, 0x0000000082800000, 0x0000000082900000|  0%| F|  |TAMS 0x0000000082800000, 0x0000000082800000| Untracked 
|  15|0x0000000082900000, 0x0000000082900000, 0x0000000082a00000|  0%| F|  |TAMS 0x0000000082900000, 0x0000000082900000| Untracked 
|  16|0x0000000082a00000, 0x0000000082a00000, 0x0000000082b00000|  0%| F|  |TAMS 0x0000000082a00000, 0x0000000082a00000| Untracked 
|  17|0x0000000082b00000, 0x0000000082b00000, 0x0000000082c00000|  0%| F|  |TAMS 0x0000000082b00000, 0x0000000082b00000| Untracked 
|  18|0x0000000082c00000, 0x0000000082c00000, 0x0000000082d00000|  0%| F|  |TAMS 0x0000000082c00000, 0x0000000082c00000| Untracked 
|  19|0x0000000082d00000, 0x0000000082d00000, 0x0000000082e00000|  0%| F|  |TAMS 0x0000000082d00000, 0x0000000082d00000| Untracked 
|  20|0x0000000082e00000, 0x0000000082e00000, 0x0000000082f00000|  0%| F|  |TAMS 0x0000000082e00000, 0x0000000082e00000| Untracked 
|  21|0x0000000082f00000, 0x0000000082f00000, 0x0000000083000000|  0%| F|  |TAMS 0x0000000082f00000, 0x0000000082f00000| Untracked 
|  22|0x0000000083000000, 0x0000000083000000, 0x0000000083100000|  0%| F|  |TAMS 0x0000000083000000, 0x0000000083000000| Untracked 
|  23|0x0000000083100000, 0x0000000083100000, 0x0000000083200000|  0%| F|  |TAMS 0x0000000083100000, 0x0000000083100000| Untracked 
|  24|0x0000000083200000, 0x0000000083200000, 0x0000000083300000|  0%| F|  |TAMS 0x0000000083200000, 0x0000000083200000| Untracked 
|  25|0x0000000083300000, 0x0000000083300000, 0x0000000083400000|  0%| F|  |TAMS 0x0000000083300000, 0x0000000083300000| Untracked 
|  26|0x0000000083400000, 0x0000000083400000, 0x0000000083500000|  0%| F|  |TAMS 0x0000000083400000, 0x0000000083400000| Untracked 
|  27|0x0000000083500000, 0x0000000083500000, 0x0000000083600000|  0%| F|  |TAMS 0x0000000083500000, 0x0000000083500000| Untracked 
|  28|0x0000000083600000, 0x0000000083600000, 0x0000000083700000|  0%| F|  |TAMS 0x0000000083600000, 0x0000000083600000| Untracked 
|  29|0x0000000083700000, 0x0000000083700000, 0x0000000083800000|  0%| F|  |TAMS 0x0000000083700000, 0x0000000083700000| Untracked 
|  30|0x0000000083800000, 0x0000000083800000, 0x0000000083900000|  0%| F|  |TAMS 0x0000000083800000, 0x0000000083800000| Untracked 
|  31|0x0000000083900000, 0x0000000083900000, 0x0000000083a00000|  0%| F|  |TAMS 0x0000000083900000, 0x0000000083900000| Untracked 
|  32|0x0000000083a00000, 0x0000000083a00000, 0x0000000083b00000|  0%| F|  |TAMS 0x0000000083a00000, 0x0000000083a00000| Untracked 
|  33|0x0000000083b00000, 0x0000000083b00000, 0x0000000083c00000|  0%| F|  |TAMS 0x0000000083b00000, 0x0000000083b00000| Untracked 
|  34|0x0000000083c00000, 0x0000000083c00000, 0x0000000083d00000|  0%| F|  |TAMS 0x0000000083c00000, 0x0000000083c00000| Untracked 
|  35|0x0000000083d00000, 0x0000000083d00000, 0x0000000083e00000|  0%| F|  |TAMS 0x0000000083d00000, 0x0000000083d00000| Untracked 
|  36|0x0000000083e00000, 0x0000000083e00000, 0x0000000083f00000|  0%| F|  |TAMS 0x0000000083e00000, 0x0000000083e00000| Untracked 
|  37|0x0000000083f00000, 0x0000000083f00000, 0x0000000084000000|  0%| F|  |TAMS 0x0000000083f00000, 0x0000000083f00000| Untracked 
|  38|0x0000000084000000, 0x0000000084000000, 0x0000000084100000|  0%| F|  |TAMS 0x0000000084000000, 0x0000000084000000| Untracked 
|  39|0x0000000084100000, 0x0000000084100000, 0x0000000084200000|  0%| F|  |TAMS 0x0000000084100000, 0x0000000084100000| Untracked 
|  40|0x0000000084200000, 0x0000000084200000, 0x0000000084300000|  0%| F|  |TAMS 0x0000000084200000, 0x0000000084200000| Untracked 
|  41|0x0000000084300000, 0x0000000084300000, 0x0000000084400000|  0%| F|  |TAMS 0x0000000084300000, 0x0000000084300000| Untracked 
|  42|0x0000000084400000, 0x0000000084400000, 0x0000000084500000|  0%| F|  |TAMS 0x0000000084400000, 0x0000000084400000| Untracked 
|  43|0x0000000084500000, 0x0000000084500000, 0x0000000084600000|  0%| F|  |TAMS 0x0000000084500000, 0x0000000084500000| Untracked 
|  44|0x0000000084600000, 0x0000000084600000, 0x0000000084700000|  0%| F|  |TAMS 0x0000000084600000, 0x0000000084600000| Untracked 
|  45|0x0000000084700000, 0x0000000084700000, 0x0000000084800000|  0%| F|  |TAMS 0x0000000084700000, 0x0000000084700000| Untracked 
|  46|0x0000000084800000, 0x0000000084800000, 0x0000000084900000|  0%| F|  |TAMS 0x0000000084800000, 0x0000000084800000| Untracked 
|  47|0x0000000084900000, 0x0000000084900000, 0x0000000084a00000|  0%| F|  |TAMS 0x0000000084900000, 0x0000000084900000| Untracked 
|  48|0x0000000084a00000, 0x0000000084a00000, 0x0000000084b00000|  0%| F|  |TAMS 0x0000000084a00000, 0x0000000084a00000| Untracked 
|  49|0x0000000084b00000, 0x0000000084b00000, 0x0000000084c00000|  0%| F|  |TAMS 0x0000000084b00000, 0x0000000084b00000| Untracked 
|  50|0x0000000084c00000, 0x0000000084c00000, 0x0000000084d00000|  0%| F|  |TAMS 0x0000000084c00000, 0x0000000084c00000| Untracked 
|  51|0x0000000084d00000, 0x0000000084d00000, 0x0000000084e00000|  0%| F|  |TAMS 0x0000000084d00000, 0x0000000084d00000| Untracked 
|  52|0x0000000084e00000, 0x0000000084e00000, 0x0000000084f00000|  0%| F|  |TAMS 0x0000000084e00000, 0x0000000084e00000| Untracked 
|  53|0x0000000084f00000, 0x0000000084f00000, 0x0000000085000000|  0%| F|  |TAMS 0x0000000084f00000, 0x0000000084f00000| Untracked 
|  54|0x0000000085000000, 0x0000000085000000, 0x0000000085100000|  0%| F|  |TAMS 0x0000000085000000, 0x0000000085000000| Untracked 
|  55|0x0000000085100000, 0x0000000085100000, 0x0000000085200000|  0%| F|  |TAMS 0x0000000085100000, 0x0000000085100000| Untracked 
|  56|0x0000000085200000, 0x0000000085200000, 0x0000000085300000|  0%| F|  |TAMS 0x0000000085200000, 0x0000000085200000| Untracked 
|  57|0x0000000085300000, 0x0000000085300000, 0x0000000085400000|  0%| F|  |TAMS 0x0000000085300000, 0x0000000085300000| Untracked 
|  58|0x0000000085400000, 0x0000000085400000, 0x0000000085500000|  0%| F|  |TAMS 0x0000000085400000, 0x0000000085400000| Untracked 
|  59|0x0000000085500000, 0x0000000085500000, 0x0000000085600000|  0%| F|  |TAMS 0x0000000085500000, 0x0000000085500000| Untracked 
|  60|0x0000000085600000, 0x0000000085600000, 0x0000000085700000|  0%| F|  |TAMS 0x0000000085600000, 0x0000000085600000| Untracked 
|  61|0x0000000085700000, 0x0000000085700000, 0x0000000085800000|  0%| F|  |TAMS 0x0000000085700000, 0x0000000085700000| Untracked 
|  62|0x0000000085800000, 0x0000000085800000, 0x0000000085900000|  0%| F|  |TAMS 0x0000000085800000, 0x0000000085800000| Untracked 
|  63|0x0000000085900000, 0x0000000085900000, 0x0000000085a00000|  0%| F|  |TAMS 0x0000000085900000, 0x0000000085900000| Untracked 
|  64|0x0000000085a00000, 0x0000000085a00000, 0x0000000085b00000|  0%| F|  |TAMS 0x0000000085a00000, 0x0000000085a00000| Untracked 
|  65|0x0000000085b00000, 0x0000000085b00000, 0x0000000085c00000|  0%| F|  |TAMS 0x0000000085b00000, 0x0000000085b00000| Untracked 
|  66|0x0000000085c00000, 0x0000000085c00000, 0x0000000085d00000|  0%| F|  |TAMS 0x0000000085c00000, 0x0000000085c00000| Untracked 
|  67|0x0000000085d00000, 0x0000000085d00000, 0x0000000085e00000|  0%| F|  |TAMS 0x0000000085d00000, 0x0000000085d00000| Untracked 
|  68|0x0000000085e00000, 0x0000000085e00000, 0x0000000085f00000|  0%| F|  |TAMS 0x0000000085e00000, 0x0000000085e00000| Untracked 
|  69|0x0000000085f00000, 0x0000000085f00000, 0x0000000086000000|  0%| F|  |TAMS 0x0000000085f00000, 0x0000000085f00000| Untracked 
|  70|0x0000000086000000, 0x0000000086000000, 0x0000000086100000|  0%| F|  |TAMS 0x0000000086000000, 0x0000000086000000| Untracked 
|  71|0x0000000086100000, 0x0000000086100000, 0x0000000086200000|  0%| F|  |TAMS 0x0000000086100000, 0x0000000086100000| Untracked 
|  72|0x0000000086200000, 0x0000000086200000, 0x0000000086300000|  0%| F|  |TAMS 0x0000000086200000, 0x0000000086200000| Untracked 
|  73|0x0000000086300000, 0x0000000086300000, 0x0000000086400000|  0%| F|  |TAMS 0x0000000086300000, 0x0000000086300000| Untracked 
|  74|0x0000000086400000, 0x0000000086400000, 0x0000000086500000|  0%| F|  |TAMS 0x0000000086400000, 0x0000000086400000| Untracked 
|  75|0x0000000086500000, 0x0000000086500000, 0x0000000086600000|  0%| F|  |TAMS 0x0000000086500000, 0x0000000086500000| Untracked 
|  76|0x0000000086600000, 0x0000000086600000, 0x0000000086700000|  0%| F|  |TAMS 0x0000000086600000, 0x0000000086600000| Untracked 
|  77|0x0000000086700000, 0x0000000086700000, 0x0000000086800000|  0%| F|  |TAMS 0x0000000086700000, 0x0000000086700000| Untracked 
|  78|0x0000000086800000, 0x0000000086800000, 0x0000000086900000|  0%| F|  |TAMS 0x0000000086800000, 0x0000000086800000| Untracked 
|  79|0x0000000086900000, 0x0000000086900000, 0x0000000086a00000|  0%| F|  |TAMS 0x0000000086900000, 0x0000000086900000| Untracked 
|  80|0x0000000086a00000, 0x0000000086a00000, 0x0000000086b00000|  0%| F|  |TAMS 0x0000000086a00000, 0x0000000086a00000| Untracked 
|  81|0x0000000086b00000, 0x0000000086b00000, 0x0000000086c00000|  0%| F|  |TAMS 0x0000000086b00000, 0x0000000086b00000| Untracked 
|  82|0x0000000086c00000, 0x0000000086c00000, 0x0000000086d00000|  0%| F|  |TAMS 0x0000000086c00000, 0x0000000086c00000| Untracked 
|  83|0x0000000086d00000, 0x0000000086d00000, 0x0000000086e00000|  0%| F|  |TAMS 0x0000000086d00000, 0x0000000086d00000| Untracked 
|  84|0x0000000086e00000, 0x0000000086e00000, 0x0000000086f00000|  0%| F|  |TAMS 0x0000000086e00000, 0x0000000086e00000| Untracked 
|  85|0x0000000086f00000, 0x0000000086f00000, 0x0000000087000000|  0%| F|  |TAMS 0x0000000086f00000, 0x0000000086f00000| Untracked 
|  86|0x0000000087000000, 0x0000000087000000, 0x0000000087100000|  0%| F|  |TAMS 0x0000000087000000, 0x0000000087000000| Untracked 
|  87|0x0000000087100000, 0x0000000087100000, 0x0000000087200000|  0%| F|  |TAMS 0x0000000087100000, 0x0000000087100000| Untracked 
|  88|0x0000000087200000, 0x0000000087200000, 0x0000000087300000|  0%| F|  |TAMS 0x0000000087200000, 0x0000000087200000| Untracked 
|  89|0x0000000087300000, 0x0000000087300000, 0x0000000087400000|  0%| F|  |TAMS 0x0000000087300000, 0x0000000087300000| Untracked 
|  90|0x0000000087400000, 0x0000000087400000, 0x0000000087500000|  0%| F|  |TAMS 0x0000000087400000, 0x0000000087400000| Untracked 
|  91|0x0000000087500000, 0x0000000087500000, 0x0000000087600000|  0%| F|  |TAMS 0x0000000087500000, 0x0000000087500000| Untracked 
|  92|0x0000000087600000, 0x0000000087600000, 0x0000000087700000|  0%| F|  |TAMS 0x0000000087600000, 0x0000000087600000| Untracked 
|  93|0x0000000087700000, 0x0000000087700000, 0x0000000087800000|  0%| F|  |TAMS 0x0000000087700000, 0x0000000087700000| Untracked 
|  94|0x0000000087800000, 0x0000000087800000, 0x0000000087900000|  0%| F|  |TAMS 0x0000000087800000, 0x0000000087800000| Untracked 
|  95|0x0000000087900000, 0x0000000087900000, 0x0000000087a00000|  0%| F|  |TAMS 0x0000000087900000, 0x0000000087900000| Untracked 
|  96|0x0000000087a00000, 0x0000000087a00000, 0x0000000087b00000|  0%| F|  |TAMS 0x0000000087a00000, 0x0000000087a00000| Untracked 
|  97|0x0000000087b00000, 0x0000000087b00000, 0x0000000087c00000|  0%| F|  |TAMS 0x0000000087b00000, 0x0000000087b00000| Untracked 
|  98|0x0000000087c00000, 0x0000000087c00000, 0x0000000087d00000|  0%| F|  |TAMS 0x0000000087c00000, 0x0000000087c00000| Untracked 
|  99|0x0000000087d00000, 0x0000000087d00000, 0x0000000087e00000|  0%| F|  |TAMS 0x0000000087d00000, 0x0000000087d00000| Untracked 
| 100|0x0000000087e00000, 0x0000000087e00000, 0x0000000087f00000|  0%| F|  |TAMS 0x0000000087e00000, 0x0000000087e00000| Untracked 
| 101|0x0000000087f00000, 0x0000000087f00000, 0x0000000088000000|  0%| F|  |TAMS 0x0000000087f00000, 0x0000000087f00000| Untracked 
| 102|0x0000000088000000, 0x0000000088000000, 0x0000000088100000|  0%| F|  |TAMS 0x0000000088000000, 0x0000000088000000| Untracked 
| 103|0x0000000088100000, 0x0000000088100000, 0x0000000088200000|  0%| F|  |TAMS 0x0000000088100000, 0x0000000088100000| Untracked 
| 104|0x0000000088200000, 0x0000000088200000, 0x0000000088300000|  0%| F|  |TAMS 0x0000000088200000, 0x0000000088200000| Untracked 
| 105|0x0000000088300000, 0x0000000088300000, 0x0000000088400000|  0%| F|  |TAMS 0x0000000088300000, 0x0000000088300000| Untracked 
| 106|0x0000000088400000, 0x0000000088400000, 0x0000000088500000|  0%| F|  |TAMS 0x0000000088400000, 0x0000000088400000| Untracked 
| 107|0x0000000088500000, 0x0000000088500000, 0x0000000088600000|  0%| F|  |TAMS 0x0000000088500000, 0x0000000088500000| Untracked 
| 108|0x0000000088600000, 0x0000000088600000, 0x0000000088700000|  0%| F|  |TAMS 0x0000000088600000, 0x0000000088600000| Untracked 
| 109|0x0000000088700000, 0x0000000088700000, 0x0000000088800000|  0%| F|  |TAMS 0x0000000088700000, 0x0000000088700000| Untracked 
| 110|0x0000000088800000, 0x0000000088800000, 0x0000000088900000|  0%| F|  |TAMS 0x0000000088800000, 0x0000000088800000| Untracked 
| 111|0x0000000088900000, 0x0000000088900000, 0x0000000088a00000|  0%| F|  |TAMS 0x0000000088900000, 0x0000000088900000| Untracked 
| 112|0x0000000088a00000, 0x0000000088a00000, 0x0000000088b00000|  0%| F|  |TAMS 0x0000000088a00000, 0x0000000088a00000| Untracked 
| 113|0x0000000088b00000, 0x0000000088b00000, 0x0000000088c00000|  0%| F|  |TAMS 0x0000000088b00000, 0x0000000088b00000| Untracked 
| 114|0x0000000088c00000, 0x0000000088c00000, 0x0000000088d00000|  0%| F|  |TAMS 0x0000000088c00000, 0x0000000088c00000| Untracked 
| 115|0x0000000088d00000, 0x0000000088d00000, 0x0000000088e00000|  0%| F|  |TAMS 0x0000000088d00000, 0x0000000088d00000| Untracked 
| 116|0x0000000088e00000, 0x0000000088e00000, 0x0000000088f00000|  0%| F|  |TAMS 0x0000000088e00000, 0x0000000088e00000| Untracked 
| 117|0x0000000088f00000, 0x0000000088f00000, 0x0000000089000000|  0%| F|  |TAMS 0x0000000088f00000, 0x0000000088f00000| Untracked 
| 118|0x0000000089000000, 0x0000000089000000, 0x0000000089100000|  0%| F|  |TAMS 0x0000000089000000, 0x0000000089000000| Untracked 
| 119|0x0000000089100000, 0x0000000089100000, 0x0000000089200000|  0%| F|  |TAMS 0x0000000089100000, 0x0000000089100000| Untracked 
| 120|0x0000000089200000, 0x0000000089200000, 0x0000000089300000|  0%| F|  |TAMS 0x0000000089200000, 0x0000000089200000| Untracked 
| 121|0x0000000089300000, 0x0000000089300000, 0x0000000089400000|  0%| F|  |TAMS 0x0000000089300000, 0x0000000089300000| Untracked 
| 122|0x0000000089400000, 0x0000000089400000, 0x0000000089500000|  0%| F|  |TAMS 0x0000000089400000, 0x0000000089400000| Untracked 
| 123|0x0000000089500000, 0x00000000895ac368, 0x0000000089600000| 67%| E|  |TAMS 0x0000000089500000, 0x0000000089500000| Complete 
| 124|0x0000000089600000, 0x0000000089700000, 0x0000000089700000|100%| E|CS|TAMS 0x0000000089600000, 0x0000000089600000| Complete 
| 125|0x0000000089700000, 0x0000000089800000, 0x0000000089800000|100%| E|CS|TAMS 0x0000000089700000, 0x0000000089700000| Complete 
| 126|0x0000000089800000, 0x0000000089900000, 0x0000000089900000|100%| E|CS|TAMS 0x0000000089800000, 0x0000000089800000| Complete 
| 127|0x0000000089900000, 0x0000000089a00000, 0x0000000089a00000|100%| E|CS|TAMS 0x0000000089900000, 0x0000000089900000| Complete 

Card table byte_map: [0x0000021f23490000,0x0000021f23890000] _byte_map_base: 0x0000021f23083000

Marking Bits (Prev, Next): (CMBitMap*) 0x0000021f0ac887f8, (CMBitMap*) 0x0000021f0ac88830
 Prev Bits: [0x0000021f23c90000, 0x0000021f25c28000)
 Next Bits: [0x0000021f25c30000, 0x0000021f27bc8000)

Polling page: 0x0000021f0ad30000

Metaspace:

Usage:
  Non-class:      7.74 MB capacity,     7.72 MB (>99%) used,    21.16 KB ( <1%) free+waste,     6.06 KB ( <1%) overhead. 
      Class:    803.00 KB capacity,   764.48 KB ( 95%) used,    36.02 KB (  4%) free+waste,     2.50 KB ( <1%) overhead. 
       Both:      8.53 MB capacity,     8.46 MB (>99%) used,    57.17 KB ( <1%) free+waste,     8.56 KB ( <1%) overhead. 

Virtual space:
  Non-class space:        8.00 MB reserved,       7.75 MB ( 97%) committed 
      Class space:        1.00 GB reserved,     896.00 KB ( <1%) committed 
             Both:        1.01 GB reserved,       8.63 MB ( <1%) committed 

Chunk freelists:
   Non-Class:  768 bytes
       Class:  3.63 KB
        Both:  4.38 KB

CodeHeap 'non-profiled nmethods': size=120064Kb used=112Kb max_used=112Kb free=119951Kb
 bounds [0x0000021f1b530000, 0x0000021f1b7a0000, 0x0000021f22a70000]
CodeHeap 'profiled nmethods': size=120000Kb used=544Kb max_used=544Kb free=119455Kb
 bounds [0x0000021f14000000, 0x0000021f14270000, 0x0000021f1b530000]
CodeHeap 'non-nmethods': size=5696Kb used=1147Kb max_used=1161Kb free=4548Kb
 bounds [0x0000021f13a70000, 0x0000021f13ce0000, 0x0000021f14000000]
 total_blobs=761 nmethods=402 adapters=279
 compilation: enabled
              stopped_count=0, restarted_count=0
 full_count=0

Compilation events (10 events):
Event: 213.297 Thread 0x0000021f2a26b000  398       3       java.lang.String::<init> (14 bytes)
Event: 213.298 Thread 0x0000021f2a26b000 nmethod 398 0x0000021f14086290 code [0x0000021f14086440, 0x0000021f14086638]
Event: 261.635 Thread 0x0000021f2a26b000  399       3       org.eclipse.jdt.launching.internal.org.objectweb.asm.SymbolTable::add (39 bytes)
Event: 261.635 Thread 0x0000021f2a26b000 nmethod 399 0x0000021f14086790 code [0x0000021f14086940, 0x0000021f14086c78]
Event: 261.635 Thread 0x0000021f2a26b000  400       3       org.eclipse.jdt.launching.internal.org.objectweb.asm.SymbolTable::hash (10 bytes)
Event: 261.635 Thread 0x0000021f2a26b000 nmethod 400 0x0000021f14086d90 code [0x0000021f14086f40, 0x0000021f14087068]
Event: 261.635 Thread 0x0000021f2a26b000  401       3       org.eclipse.jdt.launching.internal.org.objectweb.asm.ClassReader::readUTF8 (23 bytes)
Event: 261.637 Thread 0x0000021f2a26b000 nmethod 401 0x0000021f14087190 code [0x0000021f14087340, 0x0000021f140875e8]
Event: 275.828 Thread 0x0000021f2a26b000  402       3       org.eclipse.jdt.launching.internal.org.objectweb.asm.ClassReader::readUtf (161 bytes)
Event: 275.830 Thread 0x0000021f2a26b000 nmethod 402 0x0000021f14087790 code [0x0000021f14087980, 0x0000021f14087f58]

GC Heap History (0 events):
No events

Deoptimization events (2 events):
Event: 0.237 Thread 0x0000021f0ac4c800 Uncommon trap: reason=unstable_if action=reinterpret pc=0x0000021f1b53c9c4 method=java.util.HashMap.putVal(ILjava/lang/Object;Ljava/lang/Object;ZZ)Ljava/lang/Object; @ 181 c2
Event: 0.307 Thread 0x0000021f0ac4c800 Uncommon trap: reason=unstable_if action=reinterpret pc=0x0000021f1b53d2f0 method=java.lang.String.isLatin1()Z @ 10 c2

Classes redefined (6 events):
Event: 114.325 Thread 0x0000021f2a200800 redefined class name=desafio42.desafio42, count=1
Event: 124.935 Thread 0x0000021f2a200800 redefined class name=desafio42.desafio42, count=2
Event: 160.241 Thread 0x0000021f2a200800 redefined class name=desafio42.desafio42, count=3
Event: 213.299 Thread 0x0000021f2a200800 redefined class name=desafio42.desafio42, count=4
Event: 261.636 Thread 0x0000021f2a200800 redefined class name=desafio42.desafio42, count=5
Event: 275.829 Thread 0x0000021f2a200800 redefined class name=desafio42.desafio42, count=6

Internal exceptions (0 events):
No events

Events (10 events):
Event: 276.119 Executing VM operation: GetOwnedMonitorInfo done
Event: 276.119 Executing VM operation: GetCurrentContendedMonitor
Event: 276.119 Executing VM operation: GetCurrentContendedMonitor done
Event: 276.144 Executing VM operation: GetCurrentContendedMonitor
Event: 276.144 Executing VM operation: GetCurrentContendedMonitor done
Event: 276.144 Executing VM operation: GetOwnedMonitorInfo
Event: 276.144 Executing VM operation: GetOwnedMonitorInfo done
Event: 282.851 Executing VM operation: ChangeBreakpoints
Event: 282.851 Executing VM operation: ChangeBreakpoints done
Event: 298.604 Executing VM operation: ChangeBreakpoints


Dynamic libraries:
0x00007ff729a90000 - 0x00007ff729a9f000 	C:\Program Files\Java\jdk-11.0.13\bin\javaw.exe
0x00007ffff84b0000 - 0x00007ffff86a8000 	C:\WINDOWS\SYSTEM32\ntdll.dll
0x00007ffff7af0000 - 0x00007ffff7bad000 	C:\WINDOWS\System32\KERNEL32.DLL
0x00007ffff60f0000 - 0x00007ffff63e6000 	C:\WINDOWS\System32\KERNELBASE.dll
0x00007ffff5df0000 - 0x00007ffff5ef0000 	C:\WINDOWS\System32\ucrtbase.dll
0x00007fffe26d0000 - 0x00007fffe26e5000 	C:\Program Files\Java\jdk-11.0.13\bin\VCRUNTIME140.dll
0x00007fffe4d70000 - 0x00007fffe4d88000 	C:\Program Files\Java\jdk-11.0.13\bin\jli.dll
0x00007ffff69f0000 - 0x00007ffff6aa0000 	C:\WINDOWS\System32\ADVAPI32.dll
0x00007ffff8020000 - 0x00007ffff80be000 	C:\WINDOWS\System32\msvcrt.dll
0x00007ffff7c40000 - 0x00007ffff7ce0000 	C:\WINDOWS\System32\sechost.dll
0x00007ffff8210000 - 0x00007ffff8333000 	C:\WINDOWS\System32\RPCRT4.dll
0x00007ffff5d30000 - 0x00007ffff5d57000 	C:\WINDOWS\System32\bcrypt.dll
0x00007ffff7e80000 - 0x00007ffff801f000 	C:\WINDOWS\System32\USER32.dll
0x00007ffff6440000 - 0x00007ffff6462000 	C:\WINDOWS\System32\win32u.dll
0x00007ffff7160000 - 0x00007ffff718b000 	C:\WINDOWS\System32\GDI32.dll
0x00007ffff5c10000 - 0x00007ffff5d27000 	C:\WINDOWS\System32\gdi32full.dll
0x00007ffff6050000 - 0x00007ffff60ed000 	C:\WINDOWS\System32\msvcp_win.dll
0x00007fffe96c0000 - 0x00007fffe995a000 	C:\WINDOWS\WinSxS\amd64_microsoft.windows.common-controls_6595b64144ccf1df_6.0.19041.3636_none_60b6a03d71f818d5\COMCTL32.dll
0x00007ffff1660000 - 0x00007ffff166a000 	C:\WINDOWS\SYSTEM32\VERSION.dll
0x00007ffff6f10000 - 0x00007ffff6f42000 	C:\WINDOWS\System32\IMM32.DLL
0x00007fffe2230000 - 0x00007fffe22cb000 	C:\Program Files\Java\jdk-11.0.13\bin\msvcp140.dll
0x00007fffb3e10000 - 0x00007fffb4923000 	C:\Program Files\Java\jdk-11.0.13\bin\server\jvm.dll
0x00007ffff8340000 - 0x00007ffff8348000 	C:\WINDOWS\System32\PSAPI.DLL
0x00007fffec3f0000 - 0x00007fffec3f9000 	C:\WINDOWS\SYSTEM32\WSOCK32.dll
0x00007ffff7ce0000 - 0x00007ffff7d4b000 	C:\WINDOWS\System32\WS2_32.dll
0x00007fffe9360000 - 0x00007fffe9387000 	C:\WINDOWS\SYSTEM32\WINMM.dll
0x00007ffff3a10000 - 0x00007ffff3a22000 	C:\WINDOWS\SYSTEM32\kernel.appcore.dll
0x00007fffed6e0000 - 0x00007fffed6f0000 	C:\Program Files\Java\jdk-11.0.13\bin\verify.dll
0x00007fffe4220000 - 0x00007fffe4404000 	C:\WINDOWS\SYSTEM32\DBGHELP.DLL
0x00007fffe41e0000 - 0x00007fffe4214000 	C:\WINDOWS\SYSTEM32\dbgcore.DLL
0x00007ffff5d60000 - 0x00007ffff5de2000 	C:\WINDOWS\System32\bcryptPrimitives.dll
0x00007fffe2200000 - 0x00007fffe2228000 	C:\Program Files\Java\jdk-11.0.13\bin\java.dll
0x00007fffeca00000 - 0x00007fffeca0a000 	C:\Program Files\Java\jdk-11.0.13\bin\jimage.dll
0x00007fffe2460000 - 0x00007fffe2498000 	C:\Program Files\Java\jdk-11.0.13\bin\jdwp.dll
0x00007ffff14b0000 - 0x00007ffff14be000 	C:\Program Files\Java\jdk-11.0.13\bin\instrument.dll
0x00007fffe2430000 - 0x00007fffe2446000 	C:\Program Files\Java\jdk-11.0.13\bin\zip.dll
0x00007ffff7190000 - 0x00007ffff78fb000 	C:\WINDOWS\System32\SHELL32.dll
0x00007ffff3c10000 - 0x00007ffff43ae000 	C:\WINDOWS\SYSTEM32\windows.storage.dll
0x00007ffff64e0000 - 0x00007ffff6833000 	C:\WINDOWS\System32\combase.dll
0x00007ffff54c0000 - 0x00007ffff54ee000 	C:\WINDOWS\SYSTEM32\Wldp.dll
0x00007ffff80c0000 - 0x00007ffff818d000 	C:\WINDOWS\System32\OLEAUT32.dll
0x00007ffff79c0000 - 0x00007ffff7a6d000 	C:\WINDOWS\System32\SHCORE.dll
0x00007ffff81b0000 - 0x00007ffff8205000 	C:\WINDOWS\System32\shlwapi.dll
0x00007ffff5a90000 - 0x00007ffff5ab3000 	C:\WINDOWS\SYSTEM32\profapi.dll
0x00007fffef2f0000 - 0x00007fffef2fa000 	C:\Program Files\Java\jdk-11.0.13\bin\dt_socket.dll
0x00007ffff5220000 - 0x00007ffff528a000 	C:\WINDOWS\System32\mswsock.dll
0x00007ffff4fa0000 - 0x00007ffff506b000 	C:\WINDOWS\SYSTEM32\DNSAPI.dll
0x00007ffff4f00000 - 0x00007ffff4f3b000 	C:\WINDOWS\SYSTEM32\IPHLPAPI.DLL
0x00007ffff7d50000 - 0x00007ffff7d58000 	C:\WINDOWS\System32\NSI.dll
0x00007fffef980000 - 0x00007fffefa00000 	C:\WINDOWS\System32\fwpuclnt.dll
0x00007fffef710000 - 0x00007fffef71a000 	C:\Windows\System32\rasadhlp.dll
0x00007fffe21e0000 - 0x00007fffe21f9000 	C:\Program Files\Java\jdk-11.0.13\bin\net.dll
0x00007fffefa00000 - 0x00007fffefb0a000 	C:\WINDOWS\SYSTEM32\WINHTTP.dll
0x00007fffe21c0000 - 0x00007fffe21d2000 	C:\Program Files\Java\jdk-11.0.13\bin\nio.dll

dbghelp: loaded successfully - version: 4.0.5 - missing functions: none
symbol engine: initialized successfully - sym options: 0x614 - pdb path: .;C:\Program Files\Java\jdk-11.0.13\bin;C:\WINDOWS\SYSTEM32;C:\WINDOWS\WinSxS\amd64_microsoft.windows.common-controls_6595b64144ccf1df_6.0.19041.3636_none_60b6a03d71f818d5;C:\Program Files\Java\jdk-11.0.13\bin\server

VM Arguments:
jvm_args: -agentlib:jdwp=transport=dt_socket,suspend=y,address=localhost:64647 -javaagent:C:\Users\Alumno.A02-M09\eclipse\java-2022-03\eclipse\configuration\org.eclipse.osgi\225\0\.cp\lib\javaagent-shaded.jar -Dfile.encoding=Cp1252 
java_command: desafio42.desafio42
java_class_path (initial): C:\Users\Alumno.A02-M09\Documents\eclipse-workspace-davaloschavez\davalos\bin
Launcher Type: SUN_STANDARD

[Global flags]
     intx CICompilerCount                          = 3                                         {product} {ergonomic}
     uint ConcGCThreads                            = 1                                         {product} {ergonomic}
     uint G1ConcRefinementThreads                  = 4                                         {product} {ergonomic}
   size_t G1HeapRegionSize                         = 1048576                                   {product} {ergonomic}
    uintx GCDrainStackTargetSize                   = 64                                        {product} {ergonomic}
   size_t InitialHeapSize                          = 134217728                                 {product} {ergonomic}
   size_t MarkStackSize                            = 4194304                                   {product} {ergonomic}
   size_t MaxHeapSize                              = 2120220672                                {product} {ergonomic}
   size_t MaxNewSize                               = 1271922688                                {product} {ergonomic}
   size_t MinHeapDeltaBytes                        = 1048576                                   {product} {ergonomic}
    uintx NonNMethodCodeHeapSize                   = 5830732                                {pd product} {ergonomic}
    uintx NonProfiledCodeHeapSize                  = 122913754                              {pd product} {ergonomic}
    uintx ProfiledCodeHeapSize                     = 122913754                              {pd product} {ergonomic}
    uintx ReservedCodeCacheSize                    = 251658240                              {pd product} {ergonomic}
     bool SegmentedCodeCache                       = true                                      {product} {ergonomic}
     bool UseCompressedClassPointers               = true                                 {lp64_product} {ergonomic}
     bool UseCompressedOops                        = true                                 {lp64_product} {ergonomic}
     bool UseG1GC                                  = true                                      {product} {ergonomic}
     bool UseLargePagesIndividualAllocation        = false                                  {pd product} {ergonomic}

Logging:
Log output configuration:
 #0: stdout all=warning uptime,level,tags
 #1: stderr all=off uptime,level,tags

Environment Variables:
PATH=C:\Program Files (x86)\NVIDIA Corporation\PhysX\Common;C:\Program Files\Common Files\Oracle\Java\javapath;C:\WINDOWS\system32;C:\WINDOWS;C:\WINDOWS\System32\Wbem;C:\WINDOWS\System32\WindowsPowerShell\v1.0\;C:\Program Files (x86)\Windows Kits\8.1\Windows Performance Toolkit\;C:\WINDOWS\System32\OpenSSH\;C:\Users\Alumno.A02-M09\AppData\Local\Microsoft\WindowsApps;C:\Users\Alumno.A02-M09\AppData\Local\Programs\Microsoft VS Code\bin
USERNAME=Alumno
OS=Windows_NT
PROCESSOR_IDENTIFIER=Intel64 Family 6 Model 158 Stepping 9, GenuineIntel



---------------  S Y S T E M  ---------------

OS: Windows 10 , 64 bit Build 19041 (10.0.19041.3636)

CPU:total 4 (initial active 4) (4 cores per cpu, 1 threads per core) family 6 model 158 stepping 9 microcode 0xb4, cmov, cx8, fxsr, mmx, sse, sse2, sse3, ssse3, sse4.1, sse4.2, popcnt, avx, avx2, aes, clmul, erms, 3dnowpref, lzcnt, tsc, tscinvbit, bmi1, bmi2, adx, fma

Memory: 4k page, system-wide physical 8081M (3290M free)
TotalPageFile size 9361M (AvailPageFile size 1244M)
current process WorkingSet (physical memory assigned to process): 43M, peak: 44M
current process commit charge ("private bytes"): 202M, peak: 203M

vm_info: Java HotSpot(TM) 64-Bit Server VM (11.0.13+10-LTS-370) for windows-amd64 JRE (11.0.13+10-LTS-370), built on Sep 15 2021 22:10:36 by "mach5one" with MS VC++ 15.9 (VS2017)

END.
